INFO:aio_pika.robust_connection:Connection to amqp://guest:******@localhost:5672// closed. Reconnecting after 5 seconds.
ERROR:asyncio:Task exception was never retrieved
future: <Task finished name='Task-5' coro=<RabbitMQClient.consume() done, defined at F:\uczelnia\magister\ISI\projekt\web-service\rabbit_client.py:33> exception=<AMQPConnectionError: ("Multiple exceptions: [Errno 10061] Connect call failed ('::1', 5672, 0, 0), [Errno 10061] Connect call failed ('127.0.0.1', 5672)",)>>
Traceback (most recent call last):
  File "F:\uczelnia\magister\ISI\projekt\riot-service\lib\site-packages\aiormq\connection.py", line 455, in connect
    reader, writer = await asyncio.open_connection(
  File "C:\Python310\lib\asyncio\streams.py", line 47, in open_connection
    transport, _ = await loop.create_connection(
  File "C:\Python310\lib\asyncio\base_events.py", line 1063, in create_connection
    raise OSError('Multiple exceptions: {}'.format(
OSError: Multiple exceptions: [Errno 10061] Connect call failed ('::1', 5672, 0, 0), [Errno 10061] Connect call failed ('127.0.0.1', 5672)

The above exception was the direct cause of the following exception:

Traceback (most recent call last):
  File "F:\uczelnia\magister\ISI\projekt\web-service\rabbit_client.py", line 34, in consume
    await self.connect_and_consume()
  File "F:\uczelnia\magister\ISI\projekt\web-service\rabbit_client.py", line 23, in connect_and_consume
    self.connection = await connect_robust(host="localhost", port=5672, loop=self.loop)
  File "F:\uczelnia\magister\ISI\projekt\riot-service\lib\site-packages\aio_pika\robust_connection.py", line 340, in connect_robust
    await connection.connect(timeout=timeout)
  File "F:\uczelnia\magister\ISI\projekt\riot-service\lib\site-packages\aio_pika\robust_connection.py", line 186, in connect
    await self.__fail_fast_future
  File "F:\uczelnia\magister\ISI\projekt\riot-service\lib\site-packages\aio_pika\robust_connection.py", line 141, in __connection_factory
    await Connection.connect(self, self.__connect_timeout)
  File "F:\uczelnia\magister\ISI\projekt\riot-service\lib\site-packages\aio_pika\connection.py", line 118, in connect
    self.transport = await UnderlayConnection.connect(
  File "F:\uczelnia\magister\ISI\projekt\riot-service\lib\site-packages\aio_pika\abc.py", line 671, in connect
    connection = await cls.make_connection(
  File "F:\uczelnia\magister\ISI\projekt\riot-service\lib\site-packages\aio_pika\abc.py", line 659, in make_connection
    connection: aiormq.abc.AbstractConnection = await asyncio.wait_for(
  File "C:\Python310\lib\asyncio\tasks.py", line 408, in wait_for
    return await fut
  File "F:\uczelnia\magister\ISI\projekt\riot-service\lib\site-packages\aiormq\connection.py", line 918, in connect
    await connection.connect(client_properties or {})
  File "F:\uczelnia\magister\ISI\projekt\riot-service\lib\site-packages\aiormq\base.py", line 164, in wrap
    return await self.create_task(func(self, *args, **kwargs))
  File "F:\uczelnia\magister\ISI\projekt\riot-service\lib\site-packages\aiormq\abc.py", line 44, in __inner
    return await self.task
  File "F:\uczelnia\magister\ISI\projekt\riot-service\lib\site-packages\aiormq\connection.py", line 462, in connect
    raise AMQPConnectionError(*e.args) from e
aiormq.exceptions.AMQPConnectionError: Multiple exceptions: [Errno 10061] Connect call failed ('::1', 5672, 0, 0), [Errno 10061] Connect call failed ('127.0.0.1', 5672)
INFO:aio_pika.robust_connection:Connection to amqp://guest:******@localhost:5672// closed. Reconnecting after 5 seconds.
ERROR:asyncio:Task exception was never retrieved
future: <Task finished name='Task-5' coro=<RabbitMQClient.consume() done, defined at F:\uczelnia\magister\ISI\projekt\web-service\rabbit_client.py:33> exception=<AMQPConnectionError: ("Multiple exceptions: [Errno 10061] Connect call failed ('::1', 5672, 0, 0), [Errno 10061] Connect call failed ('127.0.0.1', 5672)",)>>
Traceback (most recent call last):
  File "F:\uczelnia\magister\ISI\projekt\riot-service\lib\site-packages\aiormq\connection.py", line 455, in connect
    reader, writer = await asyncio.open_connection(
  File "C:\Python310\lib\asyncio\streams.py", line 47, in open_connection
    transport, _ = await loop.create_connection(
  File "C:\Python310\lib\asyncio\base_events.py", line 1063, in create_connection
    raise OSError('Multiple exceptions: {}'.format(
OSError: Multiple exceptions: [Errno 10061] Connect call failed ('::1', 5672, 0, 0), [Errno 10061] Connect call failed ('127.0.0.1', 5672)

The above exception was the direct cause of the following exception:

Traceback (most recent call last):
  File "F:\uczelnia\magister\ISI\projekt\web-service\rabbit_client.py", line 34, in consume
    await self.connect_and_consume()
  File "F:\uczelnia\magister\ISI\projekt\web-service\rabbit_client.py", line 23, in connect_and_consume
    self.connection = await connect_robust(host="localhost", port=5672, loop=self.loop)
  File "F:\uczelnia\magister\ISI\projekt\riot-service\lib\site-packages\aio_pika\robust_connection.py", line 340, in connect_robust
    await connection.connect(timeout=timeout)
  File "F:\uczelnia\magister\ISI\projekt\riot-service\lib\site-packages\aio_pika\robust_connection.py", line 186, in connect
    await self.__fail_fast_future
  File "F:\uczelnia\magister\ISI\projekt\riot-service\lib\site-packages\aio_pika\robust_connection.py", line 141, in __connection_factory
    await Connection.connect(self, self.__connect_timeout)
  File "F:\uczelnia\magister\ISI\projekt\riot-service\lib\site-packages\aio_pika\connection.py", line 118, in connect
    self.transport = await UnderlayConnection.connect(
  File "F:\uczelnia\magister\ISI\projekt\riot-service\lib\site-packages\aio_pika\abc.py", line 671, in connect
    connection = await cls.make_connection(
  File "F:\uczelnia\magister\ISI\projekt\riot-service\lib\site-packages\aio_pika\abc.py", line 659, in make_connection
    connection: aiormq.abc.AbstractConnection = await asyncio.wait_for(
  File "C:\Python310\lib\asyncio\tasks.py", line 408, in wait_for
    return await fut
  File "F:\uczelnia\magister\ISI\projekt\riot-service\lib\site-packages\aiormq\connection.py", line 918, in connect
    await connection.connect(client_properties or {})
  File "F:\uczelnia\magister\ISI\projekt\riot-service\lib\site-packages\aiormq\base.py", line 164, in wrap
    return await self.create_task(func(self, *args, **kwargs))
  File "F:\uczelnia\magister\ISI\projekt\riot-service\lib\site-packages\aiormq\abc.py", line 44, in __inner
    return await self.task
  File "F:\uczelnia\magister\ISI\projekt\riot-service\lib\site-packages\aiormq\connection.py", line 462, in connect
    raise AMQPConnectionError(*e.args) from e
aiormq.exceptions.AMQPConnectionError: Multiple exceptions: [Errno 10061] Connect call failed ('::1', 5672, 0, 0), [Errno 10061] Connect call failed ('127.0.0.1', 5672)
INFO:aio_pika.robust_connection:Connection to amqp://guest:******@localhost:5672// closed. Reconnecting after 5 seconds.
ERROR:asyncio:Task exception was never retrieved
future: <Task finished name='Task-11' coro=<RabbitMQClient.consume() done, defined at F:\uczelnia\magister\ISI\projekt\web-service\rabbit_client.py:33> exception=<AMQPConnectionError: ("Multiple exceptions: [Errno 10061] Connect call failed ('::1', 5672, 0, 0), [Errno 10061] Connect call failed ('127.0.0.1', 5672)",)>>
Traceback (most recent call last):
  File "F:\uczelnia\magister\ISI\projekt\riot-service\lib\site-packages\aiormq\connection.py", line 455, in connect
    reader, writer = await asyncio.open_connection(
  File "C:\Python310\lib\asyncio\streams.py", line 47, in open_connection
    transport, _ = await loop.create_connection(
  File "C:\Python310\lib\asyncio\base_events.py", line 1063, in create_connection
    raise OSError('Multiple exceptions: {}'.format(
OSError: Multiple exceptions: [Errno 10061] Connect call failed ('::1', 5672, 0, 0), [Errno 10061] Connect call failed ('127.0.0.1', 5672)

The above exception was the direct cause of the following exception:

Traceback (most recent call last):
  File "F:\uczelnia\magister\ISI\projekt\web-service\rabbit_client.py", line 34, in consume
    await self.connect_and_consume()
  File "F:\uczelnia\magister\ISI\projekt\web-service\rabbit_client.py", line 23, in connect_and_consume
    self.connection = await connect_robust(host="localhost", port=5672, loop=self.loop)
  File "F:\uczelnia\magister\ISI\projekt\riot-service\lib\site-packages\aio_pika\robust_connection.py", line 340, in connect_robust
    await connection.connect(timeout=timeout)
  File "F:\uczelnia\magister\ISI\projekt\riot-service\lib\site-packages\aio_pika\robust_connection.py", line 186, in connect
    await self.__fail_fast_future
  File "F:\uczelnia\magister\ISI\projekt\riot-service\lib\site-packages\aio_pika\robust_connection.py", line 141, in __connection_factory
    await Connection.connect(self, self.__connect_timeout)
  File "F:\uczelnia\magister\ISI\projekt\riot-service\lib\site-packages\aio_pika\connection.py", line 118, in connect
    self.transport = await UnderlayConnection.connect(
  File "F:\uczelnia\magister\ISI\projekt\riot-service\lib\site-packages\aio_pika\abc.py", line 671, in connect
    connection = await cls.make_connection(
  File "F:\uczelnia\magister\ISI\projekt\riot-service\lib\site-packages\aio_pika\abc.py", line 659, in make_connection
    connection: aiormq.abc.AbstractConnection = await asyncio.wait_for(
  File "C:\Python310\lib\asyncio\tasks.py", line 408, in wait_for
    return await fut
  File "F:\uczelnia\magister\ISI\projekt\riot-service\lib\site-packages\aiormq\connection.py", line 918, in connect
    await connection.connect(client_properties or {})
  File "F:\uczelnia\magister\ISI\projekt\riot-service\lib\site-packages\aiormq\base.py", line 164, in wrap
    return await self.create_task(func(self, *args, **kwargs))
  File "F:\uczelnia\magister\ISI\projekt\riot-service\lib\site-packages\aiormq\abc.py", line 44, in __inner
    return await self.task
  File "F:\uczelnia\magister\ISI\projekt\riot-service\lib\site-packages\aiormq\connection.py", line 462, in connect
    raise AMQPConnectionError(*e.args) from e
aiormq.exceptions.AMQPConnectionError: Multiple exceptions: [Errno 10061] Connect call failed ('::1', 5672, 0, 0), [Errno 10061] Connect call failed ('127.0.0.1', 5672)
INFO:aio_pika.robust_connection:Connection to amqp://guest:******@localhost:5672// closed. Reconnecting after 5 seconds.
INFO:aio_pika.robust_connection:Connection to amqp://guest:******@localhost:5672// closed. Reconnecting after 5 seconds.
INFO:rabbit_client:Message is valid.
INFO:rabbit_client:Message is valid.
INFO:rabbit_client:Message is valid.
INFO:aio_pika.robust_connection:Connection to amqp://guest:******@localhost:5672// closed. Reconnecting after 5 seconds.
INFO:rabbit_client:Message is valid.
INFO:rabbit_client:Message is valid.
INFO:rabbit_client:Message is valid.
INFO:aio_pika.robust_connection:Connection to amqp://guest:******@localhost:5672// closed. Reconnecting after 5 seconds.
INFO:rabbit_client:Message is valid.
INFO:rabbit_client:Message is valid.
INFO:rabbit_client:Message is valid.
INFO:aio_pika.robust_connection:Connection to amqp://guest:******@localhost:5672// closed. Reconnecting after 5 seconds.
INFO:aio_pika.robust_connection:Connection to amqp://guest:******@localhost:5672// closed. Reconnecting after 5 seconds.
INFO:aio_pika.robust_connection:Connection to amqp://guest:******@localhost:5672// closed. Reconnecting after 5 seconds.
INFO:aio_pika.robust_connection:Connection to amqp://guest:******@localhost:5672// closed. Reconnecting after 5 seconds.
INFO:aio_pika.robust_connection:Connection to amqp://guest:******@localhost:5672// closed. Reconnecting after 5 seconds.
INFO:aio_pika.robust_connection:Connection to amqp://guest:******@localhost:5672// closed. Reconnecting after 5 seconds.
INFO:rabbit_client:Message is valid.
INFO:aio_pika.robust_connection:Connection to amqp://guest:******@localhost:5672// closed. Reconnecting after 5 seconds.
INFO:aio_pika.robust_connection:Connection to amqp://guest:******@localhost:5672// closed. Reconnecting after 5 seconds.
INFO:rabbit_client:Message is valid.
INFO:rabbit_client:Message is valid.
ERROR:aiormq.connection:Unexpected connection close from remote "amqp://guest:******@localhost:5672//", Connection.Close(reply_code=320, reply_text="CONNECTION_FORCED - broker forced connection closure with reason 'shutdown'")
NoneType: None
ERROR:aiormq.connection:Unexpected connection close from remote "amqp://guest:******@localhost:5672//", Connection.Close(reply_code=320, reply_text="CONNECTION_FORCED - broker forced connection closure with reason 'shutdown'")
NoneType: None
ERROR:aiormq.connection:Unexpected connection close from remote "amqp://guest:******@localhost:5672//", Connection.Close(reply_code=320, reply_text="CONNECTION_FORCED - broker forced connection closure with reason 'shutdown'")
NoneType: None
ERROR:aiormq.connection:Unexpected connection close from remote "amqp://guest:******@localhost:5672//", Connection.Close(reply_code=320, reply_text="CONNECTION_FORCED - broker forced connection closure with reason 'shutdown'")
NoneType: None
INFO:aio_pika.robust_connection:Connection to amqp://guest:******@localhost:5672// closed. Reconnecting after 5 seconds.
INFO:aio_pika.robust_connection:Connection to amqp://guest:******@localhost:5672// closed. Reconnecting after 5 seconds.
INFO:aio_pika.robust_connection:Connection to amqp://guest:******@localhost:5672// closed. Reconnecting after 5 seconds.
INFO:aio_pika.robust_connection:Connection to amqp://guest:******@localhost:5672// closed. Reconnecting after 5 seconds.
INFO:aio_pika.robust_connection:Connection to amqp://guest:******@localhost:5672// closed. Reconnecting after 5 seconds.
WARNING:aio_pika.robust_connection:Connection attempt to "amqp://guest:******@localhost:5672//" failed: Server connection error: ConnectionAbortedError(10053, 'Nawi¹zane po³¹czenie zosta³o przerwane przez oprogramowanie zainstalowane w komputerze-hoœcie', None, 10053, None). Reconnecting after 5 seconds.
INFO:aio_pika.robust_connection:Connection to amqp://guest:******@localhost:5672// closed. Reconnecting after 5 seconds.
WARNING:aio_pika.robust_connection:Connection attempt to "amqp://guest:******@localhost:5672//" failed: Server connection error: ConnectionAbortedError(10053, 'Nawi¹zane po³¹czenie zosta³o przerwane przez oprogramowanie zainstalowane w komputerze-hoœcie', None, 10053, None). Reconnecting after 5 seconds.
INFO:aio_pika.robust_connection:Connection to amqp://guest:******@localhost:5672// closed. Reconnecting after 5 seconds.
WARNING:aio_pika.robust_connection:Connection attempt to "amqp://guest:******@localhost:5672//" failed: Server connection error: ConnectionAbortedError(10053, 'Nawi¹zane po³¹czenie zosta³o przerwane przez oprogramowanie zainstalowane w komputerze-hoœcie', None, 10053, None). Reconnecting after 5 seconds.
INFO:aio_pika.robust_connection:Connection to amqp://guest:******@localhost:5672// closed. Reconnecting after 5 seconds.
WARNING:aio_pika.robust_connection:Connection attempt to "amqp://guest:******@localhost:5672//" failed: Server connection unexpectedly closed. Read 0 bytes but 1 bytes expected. Reconnecting after 5 seconds.
INFO:aio_pika.robust_connection:Connection to amqp://guest:******@localhost:5672// closed. Reconnecting after 5 seconds.
WARNING:aio_pika.robust_connection:Connection attempt to "amqp://guest:******@localhost:5672//" failed: Server connection unexpectedly closed. Read 0 bytes but 1 bytes expected. Reconnecting after 5 seconds.
INFO:aio_pika.robust_connection:Connection to amqp://guest:******@localhost:5672// closed. Reconnecting after 5 seconds.
WARNING:aio_pika.robust_connection:Connection attempt to "amqp://guest:******@localhost:5672//" failed: Server connection unexpectedly closed. Read 0 bytes but 1 bytes expected. Reconnecting after 5 seconds.
INFO:aio_pika.robust_connection:Connection to amqp://guest:******@localhost:5672// closed. Reconnecting after 5 seconds.
WARNING:aio_pika.robust_connection:Connection attempt to "amqp://guest:******@localhost:5672//" failed: Server connection unexpectedly closed. Read 0 bytes but 1 bytes expected. Reconnecting after 5 seconds.
INFO:aio_pika.robust_connection:Connection to amqp://guest:******@localhost:5672// closed. Reconnecting after 5 seconds.
WARNING:aio_pika.robust_connection:Connection attempt to "amqp://guest:******@localhost:5672//" failed: Server connection unexpectedly closed. Read 0 bytes but 1 bytes expected. Reconnecting after 5 seconds.
INFO:rabbit_client:Message is valid.
INFO:rabbit_client:Message is valid.
INFO:rabbit_client:Message is valid.
INFO:rabbit_client:Message is valid.
INFO:rabbit_client:Message is valid.
INFO:aio_pika.robust_connection:Connection to amqp://guest:******@localhost:5672// closed. Reconnecting after 5 seconds.
INFO:aio_pika.robust_connection:Connection to amqp://guest:******@localhost:5672// closed. Reconnecting after 5 seconds.
INFO:aio_pika.robust_connection:Connection to amqp://guest:******@localhost:5672// closed. Reconnecting after 5 seconds.
INFO:aio_pika.robust_connection:Connection to amqp://guest:******@localhost:5672// closed. Reconnecting after 5 seconds.
INFO:aio_pika.robust_connection:Connection to amqp://guest:******@localhost:5672// closed. Reconnecting after 5 seconds.
INFO:aio_pika.robust_connection:Connection to amqp://guest:******@localhost:5672// closed. Reconnecting after 5 seconds.
INFO:aio_pika.robust_connection:Connection to amqp://guest:******@localhost:5672// closed. Reconnecting after 5 seconds.
INFO:aio_pika.robust_connection:Connection to amqp://guest:******@localhost:5672// closed. Reconnecting after 5 seconds.
INFO:aio_pika.robust_connection:Connection to amqp://guest:******@localhost:5672// closed. Reconnecting after 5 seconds.
INFO:aio_pika.robust_connection:Connection to amqp://guest:******@localhost:5672// closed. Reconnecting after 5 seconds.
INFO:rabbit_client:Message is valid.
INFO:aio_pika.robust_connection:Connection to amqp://guest:******@localhost:5672// closed. Reconnecting after 5 seconds.
INFO:aio_pika.robust_connection:Connection to amqp://guest:******@localhost:5672// closed. Reconnecting after 5 seconds.
INFO:rabbit_client:Message is valid.
INFO:aio_pika.robust_connection:Connection to amqp://guest:******@localhost:5672// closed. Reconnecting after 5 seconds.
INFO:aio_pika.robust_connection:Connection to amqp://guest:******@localhost:5672// closed. Reconnecting after 5 seconds.
INFO:rabbit_client:Message is valid.
INFO:aio_pika.robust_connection:Connection to amqp://guest:******@localhost:5672// closed. Reconnecting after 5 seconds.
INFO:aio_pika.robust_connection:Connection to amqp://guest:******@localhost:5672// closed. Reconnecting after 5 seconds.
INFO:rabbit_client:Message is valid.
INFO:aio_pika.robust_connection:Connection to amqp://guest:******@localhost:5672// closed. Reconnecting after 5 seconds.
INFO:aio_pika.robust_connection:Connection to amqp://guest:******@localhost:5672// closed. Reconnecting after 5 seconds.
INFO:rabbit_client:Message is valid.
INFO:aio_pika.robust_connection:Connection to amqp://guest:******@localhost:5672// closed. Reconnecting after 5 seconds.
INFO:aio_pika.robust_connection:Connection to amqp://guest:******@localhost:5672// closed. Reconnecting after 5 seconds.
INFO:rabbit_client:Message is valid.
INFO:aio_pika.robust_connection:Connection to amqp://guest:******@localhost:5672// closed. Reconnecting after 5 seconds.
INFO:aio_pika.robust_connection:Connection to amqp://guest:******@localhost:5672// closed. Reconnecting after 5 seconds.
INFO:rabbit_client:Message is valid.
INFO:rabbit_client:Message is valid.
INFO:rabbit_client:Message is valid.
INFO:rabbit_client:Message is valid.
INFO:rabbit_client:Message is valid.
INFO:rabbit_client:Message is valid.
ERROR:aiormq.connection:Unexpected connection close from remote "amqp://guest:******@localhost:5672//", Connection.Close(reply_code=320, reply_text="CONNECTION_FORCED - broker forced connection closure with reason 'shutdown'")
NoneType: None
ERROR:aiormq.connection:Unexpected connection close from remote "amqp://guest:******@localhost:5672//", Connection.Close(reply_code=320, reply_text="CONNECTION_FORCED - broker forced connection closure with reason 'shutdown'")
NoneType: None
INFO:aio_pika.robust_connection:Connection to amqp://guest:******@localhost:5672// closed. Reconnecting after 5 seconds.
INFO:aio_pika.robust_connection:Connection to amqp://guest:******@localhost:5672// closed. Reconnecting after 5 seconds.
INFO:aio_pika.robust_connection:Connection to amqp://guest:******@localhost:5672// closed. Reconnecting after 5 seconds.
WARNING:aio_pika.robust_connection:Connection attempt to "amqp://guest:******@localhost:5672//" failed: Server connection unexpectedly closed. Read 0 bytes but 1 bytes expected. Reconnecting after 5 seconds.
INFO:aio_pika.robust_connection:Connection to amqp://guest:******@localhost:5672// closed. Reconnecting after 5 seconds.
WARNING:aio_pika.robust_connection:Connection attempt to "amqp://guest:******@localhost:5672//" failed: Server connection unexpectedly closed. Read 0 bytes but 1 bytes expected. Reconnecting after 5 seconds.
INFO:aio_pika.robust_connection:Connection to amqp://guest:******@localhost:5672// closed. Reconnecting after 5 seconds.
WARNING:aio_pika.robust_connection:Connection attempt to "amqp://guest:******@localhost:5672//" failed: Server connection unexpectedly closed. Read 0 bytes but 1 bytes expected. Reconnecting after 5 seconds.
INFO:aio_pika.robust_connection:Connection to amqp://guest:******@localhost:5672// closed. Reconnecting after 5 seconds.
WARNING:aio_pika.robust_connection:Connection attempt to "amqp://guest:******@localhost:5672//" failed: Server connection unexpectedly closed. Read 0 bytes but 1 bytes expected. Reconnecting after 5 seconds.
INFO:aio_pika.robust_connection:Connection to amqp://guest:******@localhost:5672// closed. Reconnecting after 5 seconds.
WARNING:aio_pika.robust_connection:Connection attempt to "amqp://guest:******@localhost:5672//" failed: [WinError 1225] Komputer zdalny odrzuci³ po³¹czenie sieciowe. Reconnecting after 5 seconds.
INFO:aio_pika.robust_connection:Connection to amqp://guest:******@localhost:5672// closed. Reconnecting after 5 seconds.
WARNING:aio_pika.robust_connection:Connection attempt to "amqp://guest:******@localhost:5672//" failed: [WinError 1225] Komputer zdalny odrzuci³ po³¹czenie sieciowe. Reconnecting after 5 seconds.
